[10:40:35.896] Global cache location '/home/olin/.cache/typescript/4.2', safe file path '/home/olin/.nvm/versions/node/v15.8.0/lib/node_modules/typescript/lib/typingSafeList.json', types map path /home/olin/.nvm/versions/node/v15.8.0/lib/node_modules/typescript/lib/typesMap.json
[10:40:35.897] Processing cache location '/home/olin/.cache/typescript/4.2'
[10:40:35.897] Trying to find '/home/olin/.cache/typescript/4.2/package.json'...
[10:40:35.898] Loaded content of '/home/olin/.cache/typescript/4.2/package.json': {"private":true,"dependencies":{"types-registry":"^0.1.579"},"devDependencies":{"@types/accepts":"^1.3.5","@types/argparse":"^2.0.10","@types/asn1":"^0.2.0","@types/assert-plus":"^1.0.4","@types/async":"^3.2.12","@types/aws4":"^1.11.1","@types/balanced-match":"^1.0.1","@types/bluebird":"^3.5.36","@types/body-parser":"^1.19.2","@types/brace-expansion":"^1.1.0","@types/braces":"^3.0.1","@types/buffer-from":"^1.1.0","@types/bytes":"^3.1.1","@types/camelcase-css":"^2.0.0","@types/caniuse-lite":"^1.0.1","@types/caseless":"^0.12.2","@types/chardet":"^0.8.1","@types/cli-table":"^0.3.0","@types/color":"^3.0.2","@types/color-convert":"^2.0.0","@types/color-name":"^1.1.1","@types/color-string":"^1.5.2","@types/combined-stream":"^1.0.3","@types/commondir":"^1.0.0","@types/concat-map":"^0.0.1","@types/concurrently":"^6.4.0","@types/configstore":"^5.0.1","@types/content-disposition":"^0.5.4","@types/content-type":"^1.1.5","@types/cookie":"^0.4.1","@types/cookie-signature":"^1.0.4","@types/cors":"^2.8.12","@types/cross-spawn":"^6.0.2","@types/cssesc":"^3.0.0","@types/dashdash":"^1.14.1","@types/debug":"^4.1.7","@types/deep-extend":"^0.4.32","@types/defined":"^1.0.0","@types/depd":"^1.1.32","@types/destroy":"^1.0.0","@types/detective":"^5.1.2","@types/didyoumean":"^1.2.0","@types/dir-glob":"^2.0.1","@types/dlv":"^1.1.2","@types/duplexer3":"^0.1.1","@types/ee-first":"^1.1.0","@types/encodeurl":"^1.0.0","@types/escape-html":"^1.0.1","@types/esprima":"^4.0.3","@types/etag":"^1.8.1","@types/express":"^4.17.13","@types/extend":"^3.0.1","@types/extsprintf":"^1.4.2","@types/fill-range":"^7.0.0","@types/finalhandler":"^1.1.1","@types/follow-redirects":"^1.13.1","@types/forever-agent":"^0.6.1","@types/forwarded":"^0.1.0","@types/fresh":"^0.5.0","@types/fs-extra":"^9.0.13","@types/function-bind":"^1.1.6","@types/getpass":"^0.1.1","@types/glob":"^7.2.0","@types/glob-parent":"^5.1.1","@types/got":"^9.6.12","@types/graceful-fs":"^4.1.5","@types/has":"^1.0.0","@types/has-ansi":"^5.0.0","@types/hex-color-regex":"^1.1.1","@types/http-errors":"^1.8.2","@types/imurmurhash":"^0.1.1","@types/inherits":"^0.0.30","@types/ini":"^1.3.31","@types/inquirer":"^8.2.0","@types/is-ci":"^3.0.0","@types/is-core-module":"^2.2.0","@types/is-glob":"^4.0.2","@types/is-number":"^7.0.1","@types/is-typedarray":"^1.0.0","@types/isexe":"^2.0.1","@types/isstream":"^0.1.0","@types/jju":"^1.4.2","@types/js-yaml":"^4.0.5","@types/jsbn":"^1.2.30","@types/json-parse-better-errors":"^1.0.0","@types/json-parse-helpfulerror":"^1.0.1","@types/json-schema":"^7.0.9","@types/json-stringify-safe":"^5.0.0","@types/jsonfile":"^6.0.1","@types/jsonwebtoken":"^8.5.8","@types/jwa":"^2.0.0","@types/jws":"^3.2.4","@types/livereload":"^0.9.1","@types/lodash":"^4.14.178","@types/lodash.difference":"^4.5.6","@types/lodash.forown":"^4.4.6","@types/lodash.get":"^4.4.6","@types/lodash.groupby":"^4.6.6","@types/lodash.includes":"^4.3.6","@types/lodash.isboolean":"^3.0.6","@types/lodash.isinteger":"^4.0.6","@types/lodash.isnumber":"^3.0.6","@types/lodash.isplainobject":"^4.0.6","@types/lodash.isstring":"^4.0.6","@types/lodash.once":"^4.1.6","@types/lodash.sortby":"^4.7.6","@types/lodash.topath":"^4.5.6","@types/lru-cache":"^5.1.1","@types/media-typer":"^1.1.1","@types/merge-descriptors":"^1.0.1","@types/merge-stream":"^1.1.2","@types/merge2":"^1.3.1","@types/methods":"^1.1.1","@types/micromatch":"^4.0.2","@types/mime":"^2.0.3","@types/mime-db":"^1.43.1","@types/mime-types":"^2.1.1","@types/minimatch":"^3.0.5","@types/minimist":"^1.2.2","@types/mkdirp":"^1.0.2","@types/ms":"^0.7.31","@types/mute-stream":"^0.0.1","@types/negotiator":"^0.6.1","@types/node-emoji":"^1.8.1","@types/normalize-path":"^3.0.0","@types/npm":"^7.19.0","@types/num2fraction":"^1.2.0","@types/oauth":"^0.9.1","@types/object-assign":"^4.0.30","@types/object-hash":"^2.2.1","@types/object-keys":"^1.0.1","@types/on-finished":"^2.3.1","@types/once":"^1.4.0","@types/os-tmpdir":"^1.0.0","@types/parse-json":"^4.0.0","@types/parseurl":"^1.3.1","@types/path-is-absolute":"^1.0.0","@types/path-is-inside":"^1.0.0","@types/path-parse":"^1.0.19","@types/picomatch":"^2.3.0","@types/pify":"^5.0.1","@types/postcss-reporter":"^7.0.1","@types/pretty-hrtime":"^1.0.1","@types/proxy-addr":"^2.0.0","@types/psl":"^1.1.0","@types/punycode":"^2.1.0","@types/qs":"^6.9.7","@types/randombytes":"^2.0.0","@types/range-parser":"^1.2.4","@types/rc":"^1.2.0","@types/registry-auth-token":"^4.2.1","@types/request":"^2.48.8","@types/request-promise":"^4.1.48","@types/require-directory":"^2.1.2","@types/require-from-string":"^1.2.1","@types/require-relative":"^0.8.0","@types/resolve":"^1.20.1","@types/rimraf":"^3.0.2","@types/rollup-plugin-css-only":"^3.1.0","@types/run-parallel":"^1.1.0","@types/sade":"^1.7.3","@types/safer-buffer":"^2.1.0","@types/sax":"^1.2.4","@types/semver":"^7.3.9","@types/semver-utils":"^1.1.1","@types/send":"^0.17.1","@types/serialize-javascript":"^5.0.1","@types/serve-static":"^1.13.10","@types/shebang-command":"^1.2.0","@types/signal-exit":"^3.0.1","@types/source-map-support":"^0.5.4","@types/sprintf":"^0.1.0","@types/sprintf-js":"^1.1.2","@types/sshpk":"^1.17.0","@types/statuses":"^2.0.0","@types/supports-color":"^8.1.1","@types/tail":"^2.2.1","@types/tailwindcss":"^2.2.4","@types/through":"^0.0.30","@types/tmp":"^0.2.3","@types/to-regex-range":"^5.0.0","@types/tough-cookie":"^4.0.1","@types/type-is":"^1.6.3","@types/underscore":"^1.11.4","@types/universalify":"^1.0.0","@types/update-notifier":"^5.1.0","@types/url-parse-lax":"^5.0.0","@types/util-deprecate":"^1.0.0","@types/utils-merge":"^0.0.28","@types/uuid":"^8.3.4","@types/vary":"^1.1.0","@types/verror":"^1.10.5","@types/which":"^2.0.1","@types/wrap-ansi":"^8.0.1","@types/write-file-atomic":"^3.0.3","@types/ws":"^8.2.1","@types/xmldoc":"^1.1.6","@types/xtend":"^4.0.4","@types/yallist":"^4.0.1","@types/yargs":"^17.0.7","@types/yargs-parser":"^20.2.1"}}
[10:40:35.898] Loaded content of '/home/olin/.cache/typescript/4.2/package-lock.json'
[10:40:35.905] Adding entry into typings cache: 'accepts' => '/home/olin/.cache/typescript/4.2/node_modules/@types/accepts/index.d.ts'
[10:40:35.907] Adding entry into typings cache: 'argparse' => '/home/olin/.cache/typescript/4.2/node_modules/@types/argparse/index.d.ts'
[10:40:35.908] Adding entry into typings cache: 'asn1' => '/home/olin/.cache/typescript/4.2/node_modules/@types/asn1/index.d.ts'
[10:40:35.909] Adding entry into typings cache: 'assert-plus' => '/home/olin/.cache/typescript/4.2/node_modules/@types/assert-plus/index.d.ts'
[10:40:35.911] Adding entry into typings cache: 'async' => '/home/olin/.cache/typescript/4.2/node_modules/@types/async/index.d.ts'
[10:40:35.912] Adding entry into typings cache: 'aws4' => '/home/olin/.cache/typescript/4.2/node_modules/@types/aws4/index.d.ts'
[10:40:35.913] Adding entry into typings cache: 'balanced-match' => '/home/olin/.cache/typescript/4.2/node_modules/@types/balanced-match/index.d.ts'
[10:40:35.914] Adding entry into typings cache: 'bluebird' => '/home/olin/.cache/typescript/4.2/node_modules/@types/bluebird/index.d.ts'
[10:40:35.916] Adding entry into typings cache: 'body-parser' => '/home/olin/.cache/typescript/4.2/node_modules/@types/body-parser/index.d.ts'
[10:40:35.917] Adding entry into typings cache: 'brace-expansion' => '/home/olin/.cache/typescript/4.2/node_modules/@types/brace-expansion/index.d.ts'
[10:40:35.918] Adding entry into typings cache: 'braces' => '/home/olin/.cache/typescript/4.2/node_modules/@types/braces/index.d.ts'
[10:40:35.919] Adding entry into typings cache: 'buffer-from' => '/home/olin/.cache/typescript/4.2/node_modules/@types/buffer-from/index.d.ts'
[10:40:35.920] Adding entry into typings cache: 'bytes' => '/home/olin/.cache/typescript/4.2/node_modules/@types/bytes/index.d.ts'
[10:40:35.921] Adding entry into typings cache: 'camelcase-css' => '/home/olin/.cache/typescript/4.2/node_modules/@types/camelcase-css/index.d.ts'
[10:40:35.922] Adding entry into typings cache: 'caniuse-lite' => '/home/olin/.cache/typescript/4.2/node_modules/@types/caniuse-lite/index.d.ts'
[10:40:35.924] Adding entry into typings cache: 'caseless' => '/home/olin/.cache/typescript/4.2/node_modules/@types/caseless/index.d.ts'
[10:40:35.924] Adding entry into typings cache: 'chardet' => '/home/olin/.cache/typescript/4.2/node_modules/@types/chardet/index.d.ts'
[10:40:35.925] Adding entry into typings cache: 'cli-table' => '/home/olin/.cache/typescript/4.2/node_modules/@types/cli-table/index.d.ts'
[10:40:35.927] Adding entry into typings cache: 'color' => '/home/olin/.cache/typescript/4.2/node_modules/@types/color/index.d.ts'
[10:40:35.929] Adding entry into typings cache: 'color-convert' => '/home/olin/.cache/typescript/4.2/node_modules/@types/color-convert/index.d.ts'
[10:40:35.931] Adding entry into typings cache: 'color-name' => '/home/olin/.cache/typescript/4.2/node_modules/@types/color-name/index.d.ts'
[10:40:35.932] Adding entry into typings cache: 'color-string' => '/home/olin/.cache/typescript/4.2/node_modules/@types/color-string/index.d.ts'
[10:40:35.933] Adding entry into typings cache: 'combined-stream' => '/home/olin/.cache/typescript/4.2/node_modules/@types/combined-stream/index.d.ts'
[10:40:35.934] Adding entry into typings cache: 'commondir' => '/home/olin/.cache/typescript/4.2/node_modules/@types/commondir/index.d.ts'
[10:40:35.935] Adding entry into typings cache: 'concat-map' => '/home/olin/.cache/typescript/4.2/node_modules/@types/concat-map/index.d.ts'
[10:40:35.936] Adding entry into typings cache: 'concurrently' => '/home/olin/.cache/typescript/4.2/node_modules/@types/concurrently/index.d.ts'
[10:40:35.936] Adding entry into typings cache: 'configstore' => '/home/olin/.cache/typescript/4.2/node_modules/@types/configstore/index.d.ts'
[10:40:35.937] Adding entry into typings cache: 'content-disposition' => '/home/olin/.cache/typescript/4.2/node_modules/@types/content-disposition/index.d.ts'
[10:40:35.938] Adding entry into typings cache: 'content-type' => '/home/olin/.cache/typescript/4.2/node_modules/@types/content-type/index.d.ts'
[10:40:35.939] Adding entry into typings cache: 'cookie' => '/home/olin/.cache/typescript/4.2/node_modules/@types/cookie/index.d.ts'
[10:40:35.940] Adding entry into typings cache: 'cookie-signature' => '/home/olin/.cache/typescript/4.2/node_modules/@types/cookie-signature/index.d.ts'
[10:40:35.941] Adding entry into typings cache: 'cors' => '/home/olin/.cache/typescript/4.2/node_modules/@types/cors/index.d.ts'
[10:40:35.942] Adding entry into typings cache: 'cross-spawn' => '/home/olin/.cache/typescript/4.2/node_modules/@types/cross-spawn/index.d.ts'
[10:40:35.943] Adding entry into typings cache: 'cssesc' => '/home/olin/.cache/typescript/4.2/node_modules/@types/cssesc/index.d.ts'
[10:40:35.944] Adding entry into typings cache: 'dashdash' => '/home/olin/.cache/typescript/4.2/node_modules/@types/dashdash/index.d.ts'
[10:40:35.947] Adding entry into typings cache: 'debug' => '/home/olin/.cache/typescript/4.2/node_modules/@types/debug/index.d.ts'
[10:40:35.947] Adding entry into typings cache: 'deep-extend' => '/home/olin/.cache/typescript/4.2/node_modules/@types/deep-extend/index.d.ts'
[10:40:35.948] Adding entry into typings cache: 'defined' => '/home/olin/.cache/typescript/4.2/node_modules/@types/defined/index.d.ts'
[10:40:35.949] Adding entry into typings cache: 'depd' => '/home/olin/.cache/typescript/4.2/node_modules/@types/depd/index.d.ts'
[10:40:35.950] Adding entry into typings cache: 'destroy' => '/home/olin/.cache/typescript/4.2/node_modules/@types/destroy/index.d.ts'
[10:40:35.951] Adding entry into typings cache: 'detective' => '/home/olin/.cache/typescript/4.2/node_modules/@types/detective/index.d.ts'
[10:40:35.951] Adding entry into typings cache: 'didyoumean' => '/home/olin/.cache/typescript/4.2/node_modules/@types/didyoumean/index.d.ts'
[10:40:35.952] Adding entry into typings cache: 'dir-glob' => '/home/olin/.cache/typescript/4.2/node_modules/@types/dir-glob/index.d.ts'
[10:40:35.953] Adding entry into typings cache: 'dlv' => '/home/olin/.cache/typescript/4.2/node_modules/@types/dlv/index.d.ts'
[10:40:35.954] Adding entry into typings cache: 'duplexer3' => '/home/olin/.cache/typescript/4.2/node_modules/@types/duplexer3/index.d.ts'
[10:40:35.955] Adding entry into typings cache: 'ee-first' => '/home/olin/.cache/typescript/4.2/node_modules/@types/ee-first/index.d.ts'
[10:40:35.956] Adding entry into typings cache: 'encodeurl' => '/home/olin/.cache/typescript/4.2/node_modules/@types/encodeurl/index.d.ts'
[10:40:35.957] Adding entry into typings cache: 'escape-html' => '/home/olin/.cache/typescript/4.2/node_modules/@types/escape-html/index.d.ts'
[10:40:35.958] Adding entry into typings cache: 'esprima' => '/home/olin/.cache/typescript/4.2/node_modules/@types/esprima/index.d.ts'
[10:40:35.958] Adding entry into typings cache: 'etag' => '/home/olin/.cache/typescript/4.2/node_modules/@types/etag/index.d.ts'
[10:40:35.959] Adding entry into typings cache: 'express' => '/home/olin/.cache/typescript/4.2/node_modules/@types/express/index.d.ts'
[10:40:35.960] Adding entry into typings cache: 'extend' => '/home/olin/.cache/typescript/4.2/node_modules/@types/extend/index.d.ts'
[10:40:35.961] Adding entry into typings cache: 'extsprintf' => '/home/olin/.cache/typescript/4.2/node_modules/@types/extsprintf/index.d.ts'
[10:40:35.961] Adding entry into typings cache: 'fill-range' => '/home/olin/.cache/typescript/4.2/node_modules/@types/fill-range/index.d.ts'
[10:40:35.962] Adding entry into typings cache: 'finalhandler' => '/home/olin/.cache/typescript/4.2/node_modules/@types/finalhandler/index.d.ts'
[10:40:35.963] Adding entry into typings cache: 'follow-redirects' => '/home/olin/.cache/typescript/4.2/node_modules/@types/follow-redirects/index.d.ts'
[10:40:35.963] Adding entry into typings cache: 'forever-agent' => '/home/olin/.cache/typescript/4.2/node_modules/@types/forever-agent/index.d.ts'
[10:40:35.964] Adding entry into typings cache: 'forwarded' => '/home/olin/.cache/typescript/4.2/node_modules/@types/forwarded/index.d.ts'
[10:40:35.965] Adding entry into typings cache: 'fresh' => '/home/olin/.cache/typescript/4.2/node_modules/@types/fresh/index.d.ts'
[10:40:35.966] Adding entry into typings cache: 'fs-extra' => '/home/olin/.cache/typescript/4.2/node_modules/@types/fs-extra/index.d.ts'
[10:40:35.967] Adding entry into typings cache: 'function-bind' => '/home/olin/.cache/typescript/4.2/node_modules/@types/function-bind/index.d.ts'
[10:40:35.968] Adding entry into typings cache: 'getpass' => '/home/olin/.cache/typescript/4.2/node_modules/@types/getpass/index.d.ts'
[10:40:35.969] Adding entry into typings cache: 'glob' => '/home/olin/.cache/typescript/4.2/node_modules/@types/glob/index.d.ts'
[10:40:35.970] Adding entry into typings cache: 'glob-parent' => '/home/olin/.cache/typescript/4.2/node_modules/@types/glob-parent/index.d.ts'
[10:40:35.971] Adding entry into typings cache: 'got' => '/home/olin/.cache/typescript/4.2/node_modules/@types/got/index.d.ts'
[10:40:35.972] Adding entry into typings cache: 'graceful-fs' => '/home/olin/.cache/typescript/4.2/node_modules/@types/graceful-fs/index.d.ts'
[10:40:35.972] Adding entry into typings cache: 'has' => '/home/olin/.cache/typescript/4.2/node_modules/@types/has/index.d.ts'
[10:40:35.973] Adding entry into typings cache: 'has-ansi' => '/home/olin/.cache/typescript/4.2/node_modules/@types/has-ansi/index.d.ts'
[10:40:35.975] Adding entry into typings cache: 'hex-color-regex' => '/home/olin/.cache/typescript/4.2/node_modules/@types/hex-color-regex/index.d.ts'
[10:40:35.976] Adding entry into typings cache: 'http-errors' => '/home/olin/.cache/typescript/4.2/node_modules/@types/http-errors/index.d.ts'
[10:40:35.977] Adding entry into typings cache: 'imurmurhash' => '/home/olin/.cache/typescript/4.2/node_modules/@types/imurmurhash/index.d.ts'
[10:40:35.977] Adding entry into typings cache: 'inherits' => '/home/olin/.cache/typescript/4.2/node_modules/@types/inherits/index.d.ts'
[10:40:35.979] Adding entry into typings cache: 'ini' => '/home/olin/.cache/typescript/4.2/node_modules/@types/ini/index.d.ts'
[10:40:35.981] Adding entry into typings cache: 'inquirer' => '/home/olin/.cache/typescript/4.2/node_modules/@types/inquirer/index.d.ts'
[10:40:35.982] Adding entry into typings cache: 'is-ci' => '/home/olin/.cache/typescript/4.2/node_modules/@types/is-ci/index.d.ts'
[10:40:35.983] Adding entry into typings cache: 'is-core-module' => '/home/olin/.cache/typescript/4.2/node_modules/@types/is-core-module/index.d.ts'
[10:40:35.984] Adding entry into typings cache: 'is-glob' => '/home/olin/.cache/typescript/4.2/node_modules/@types/is-glob/index.d.ts'
[10:40:35.984] Adding entry into typings cache: 'is-number' => '/home/olin/.cache/typescript/4.2/node_modules/@types/is-number/index.d.ts'
[10:40:35.985] Adding entry into typings cache: 'is-typedarray' => '/home/olin/.cache/typescript/4.2/node_modules/@types/is-typedarray/index.d.ts'
[10:40:35.986] Adding entry into typings cache: 'isexe' => '/home/olin/.cache/typescript/4.2/node_modules/@types/isexe/index.d.ts'
[10:40:35.986] Adding entry into typings cache: 'isstream' => '/home/olin/.cache/typescript/4.2/node_modules/@types/isstream/index.d.ts'
[10:40:35.987] Adding entry into typings cache: 'jju' => '/home/olin/.cache/typescript/4.2/node_modules/@types/jju/index.d.ts'
[10:40:35.988] Adding entry into typings cache: 'js-yaml' => '/home/olin/.cache/typescript/4.2/node_modules/@types/js-yaml/index.d.ts'
[10:40:35.989] Adding entry into typings cache: 'jsbn' => '/home/olin/.cache/typescript/4.2/node_modules/@types/jsbn/index.d.ts'
[10:40:35.990] Adding entry into typings cache: 'json-parse-better-errors' => '/home/olin/.cache/typescript/4.2/node_modules/@types/json-parse-better-errors/index.d.ts'
[10:40:35.991] Adding entry into typings cache: 'json-parse-helpfulerror' => '/home/olin/.cache/typescript/4.2/node_modules/@types/json-parse-helpfulerror/index.d.ts'
[10:40:35.992] Adding entry into typings cache: 'json-schema' => '/home/olin/.cache/typescript/4.2/node_modules/@types/json-schema/index.d.ts'
[10:40:35.993] Adding entry into typings cache: 'json-stringify-safe' => '/home/olin/.cache/typescript/4.2/node_modules/@types/json-stringify-safe/index.d.ts'
[10:40:35.993] Adding entry into typings cache: 'jsonfile' => '/home/olin/.cache/typescript/4.2/node_modules/@types/jsonfile/index.d.ts'
[10:40:35.995] Adding entry into typings cache: 'jsonwebtoken' => '/home/olin/.cache/typescript/4.2/node_modules/@types/jsonwebtoken/index.d.ts'
[10:40:35.996] Adding entry into typings cache: 'jwa' => '/home/olin/.cache/typescript/4.2/node_modules/@types/jwa/index.d.ts'
[10:40:35.997] Adding entry into typings cache: 'jws' => '/home/olin/.cache/typescript/4.2/node_modules/@types/jws/index.d.ts'
[10:40:35.998] Adding entry into typings cache: 'livereload' => '/home/olin/.cache/typescript/4.2/node_modules/@types/livereload/index.d.ts'
[10:40:35.998] Adding entry into typings cache: 'lodash' => '/home/olin/.cache/typescript/4.2/node_modules/@types/lodash/index.d.ts'
[10:40:35.999] Adding entry into typings cache: 'lodash.difference' => '/home/olin/.cache/typescript/4.2/node_modules/@types/lodash.difference/index.d.ts'
[10:40:36.000] Adding entry into typings cache: 'lodash.forown' => '/home/olin/.cache/typescript/4.2/node_modules/@types/lodash.forown/index.d.ts'
[10:40:36.000] Adding entry into typings cache: 'lodash.get' => '/home/olin/.cache/typescript/4.2/node_modules/@types/lodash.get/index.d.ts'
[10:40:36.001] Adding entry into typings cache: 'lodash.groupby' => '/home/olin/.cache/typescript/4.2/node_modules/@types/lodash.groupby/index.d.ts'
[10:40:36.002] Adding entry into typings cache: 'lodash.includes' => '/home/olin/.cache/typescript/4.2/node_modules/@types/lodash.includes/index.d.ts'
[10:40:36.002] Adding entry into typings cache: 'lodash.isboolean' => '/home/olin/.cache/typescript/4.2/node_modules/@types/lodash.isboolean/index.d.ts'
[10:40:36.003] Adding entry into typings cache: 'lodash.isinteger' => '/home/olin/.cache/typescript/4.2/node_modules/@types/lodash.isinteger/index.d.ts'
[10:40:36.004] Adding entry into typings cache: 'lodash.isnumber' => '/home/olin/.cache/typescript/4.2/node_modules/@types/lodash.isnumber/index.d.ts'
[10:40:36.005] Adding entry into typings cache: 'lodash.isplainobject' => '/home/olin/.cache/typescript/4.2/node_modules/@types/lodash.isplainobject/index.d.ts'
[10:40:36.006] Adding entry into typings cache: 'lodash.isstring' => '/home/olin/.cache/typescript/4.2/node_modules/@types/lodash.isstring/index.d.ts'
[10:40:36.006] Adding entry into typings cache: 'lodash.once' => '/home/olin/.cache/typescript/4.2/node_modules/@types/lodash.once/index.d.ts'
[10:40:36.007] Adding entry into typings cache: 'lodash.sortby' => '/home/olin/.cache/typescript/4.2/node_modules/@types/lodash.sortby/index.d.ts'
[10:40:36.008] Adding entry into typings cache: 'lodash.topath' => '/home/olin/.cache/typescript/4.2/node_modules/@types/lodash.topath/index.d.ts'
[10:40:36.008] Adding entry into typings cache: 'lru-cache' => '/home/olin/.cache/typescript/4.2/node_modules/@types/lru-cache/index.d.ts'
[10:40:36.009] Adding entry into typings cache: 'media-typer' => '/home/olin/.cache/typescript/4.2/node_modules/@types/media-typer/index.d.ts'
[10:40:36.010] Adding entry into typings cache: 'merge-descriptors' => '/home/olin/.cache/typescript/4.2/node_modules/@types/merge-descriptors/index.d.ts'
[10:40:36.010] Adding entry into typings cache: 'merge-stream' => '/home/olin/.cache/typescript/4.2/node_modules/@types/merge-stream/index.d.ts'
[10:40:36.011] Adding entry into typings cache: 'merge2' => '/home/olin/.cache/typescript/4.2/node_modules/@types/merge2/index.d.ts'
[10:40:36.011] Adding entry into typings cache: 'methods' => '/home/olin/.cache/typescript/4.2/node_modules/@types/methods/index.d.ts'
[10:40:36.012] Adding entry into typings cache: 'micromatch' => '/home/olin/.cache/typescript/4.2/node_modules/@types/micromatch/index.d.ts'
[10:40:36.013] Adding entry into typings cache: 'mime' => '/home/olin/.cache/typescript/4.2/node_modules/@types/mime/index.d.ts'
[10:40:36.015] Adding entry into typings cache: 'mime-db' => '/home/olin/.cache/typescript/4.2/node_modules/@types/mime-db/index.d.ts'
[10:40:36.016] Adding entry into typings cache: 'mime-types' => '/home/olin/.cache/typescript/4.2/node_modules/@types/mime-types/index.d.ts'
[10:40:36.016] Adding entry into typings cache: 'minimatch' => '/home/olin/.cache/typescript/4.2/node_modules/@types/minimatch/index.d.ts'
[10:40:36.017] Adding entry into typings cache: 'minimist' => '/home/olin/.cache/typescript/4.2/node_modules/@types/minimist/index.d.ts'
[10:40:36.017] Adding entry into typings cache: 'mkdirp' => '/home/olin/.cache/typescript/4.2/node_modules/@types/mkdirp/index.d.ts'
[10:40:36.018] Adding entry into typings cache: 'ms' => '/home/olin/.cache/typescript/4.2/node_modules/@types/ms/index.d.ts'
[10:40:36.019] Adding entry into typings cache: 'mute-stream' => '/home/olin/.cache/typescript/4.2/node_modules/@types/mute-stream/index.d.ts'
[10:40:36.019] Adding entry into typings cache: 'negotiator' => '/home/olin/.cache/typescript/4.2/node_modules/@types/negotiator/index.d.ts'
[10:40:36.020] Adding entry into typings cache: 'node-emoji' => '/home/olin/.cache/typescript/4.2/node_modules/@types/node-emoji/index.d.ts'
[10:40:36.020] Adding entry into typings cache: 'normalize-path' => '/home/olin/.cache/typescript/4.2/node_modules/@types/normalize-path/index.d.ts'
[10:40:36.022] Adding entry into typings cache: 'npm' => '/home/olin/.cache/typescript/4.2/node_modules/@types/npm/index.d.ts'
[10:40:36.022] Adding entry into typings cache: 'num2fraction' => '/home/olin/.cache/typescript/4.2/node_modules/@types/num2fraction/index.d.ts'
[10:40:36.023] Adding entry into typings cache: 'oauth' => '/home/olin/.cache/typescript/4.2/node_modules/@types/oauth/index.d.ts'
[10:40:36.023] Adding entry into typings cache: 'object-assign' => '/home/olin/.cache/typescript/4.2/node_modules/@types/object-assign/index.d.ts'
[10:40:36.024] Adding entry into typings cache: 'object-hash' => '/home/olin/.cache/typescript/4.2/node_modules/@types/object-hash/index.d.ts'
[10:40:36.025] Adding entry into typings cache: 'object-keys' => '/home/olin/.cache/typescript/4.2/node_modules/@types/object-keys/index.d.ts'
[10:40:36.025] Adding entry into typings cache: 'on-finished' => '/home/olin/.cache/typescript/4.2/node_modules/@types/on-finished/index.d.ts'
[10:40:36.026] Adding entry into typings cache: 'once' => '/home/olin/.cache/typescript/4.2/node_modules/@types/once/index.d.ts'
[10:40:36.026] Adding entry into typings cache: 'os-tmpdir' => '/home/olin/.cache/typescript/4.2/node_modules/@types/os-tmpdir/index.d.ts'
[10:40:36.027] Adding entry into typings cache: 'parse-json' => '/home/olin/.cache/typescript/4.2/node_modules/@types/parse-json/index.d.ts'
[10:40:36.028] Adding entry into typings cache: 'parseurl' => '/home/olin/.cache/typescript/4.2/node_modules/@types/parseurl/index.d.ts'
[10:40:36.029] Adding entry into typings cache: 'path-is-absolute' => '/home/olin/.cache/typescript/4.2/node_modules/@types/path-is-absolute/index.d.ts'
[10:40:36.030] Adding entry into typings cache: 'path-is-inside' => '/home/olin/.cache/typescript/4.2/node_modules/@types/path-is-inside/index.d.ts'
[10:40:36.031] Adding entry into typings cache: 'path-parse' => '/home/olin/.cache/typescript/4.2/node_modules/@types/path-parse/index.d.ts'
[10:40:36.032] Adding entry into typings cache: 'picomatch' => '/home/olin/.cache/typescript/4.2/node_modules/@types/picomatch/index.d.ts'
[10:40:36.032] Adding entry into typings cache: 'pify' => '/home/olin/.cache/typescript/4.2/node_modules/@types/pify/index.d.ts'
[10:40:36.033] Adding entry into typings cache: 'postcss-reporter' => '/home/olin/.cache/typescript/4.2/node_modules/@types/postcss-reporter/index.d.ts'
[10:40:36.033] Adding entry into typings cache: 'pretty-hrtime' => '/home/olin/.cache/typescript/4.2/node_modules/@types/pretty-hrtime/index.d.ts'
[10:40:36.033] Adding entry into typings cache: 'proxy-addr' => '/home/olin/.cache/typescript/4.2/node_modules/@types/proxy-addr/index.d.ts'
[10:40:36.034] Adding entry into typings cache: 'psl' => '/home/olin/.cache/typescript/4.2/node_modules/@types/psl/index.d.ts'
[10:40:36.035] Adding entry into typings cache: 'punycode' => '/home/olin/.cache/typescript/4.2/node_modules/@types/punycode/index.d.ts'
[10:40:36.035] Adding entry into typings cache: 'qs' => '/home/olin/.cache/typescript/4.2/node_modules/@types/qs/index.d.ts'
[10:40:36.036] Adding entry into typings cache: 'randombytes' => '/home/olin/.cache/typescript/4.2/node_modules/@types/randombytes/index.d.ts'
[10:40:36.036] Adding entry into typings cache: 'range-parser' => '/home/olin/.cache/typescript/4.2/node_modules/@types/range-parser/index.d.ts'
[10:40:36.037] Adding entry into typings cache: 'rc' => '/home/olin/.cache/typescript/4.2/node_modules/@types/rc/index.d.ts'
[10:40:36.037] Adding entry into typings cache: 'registry-auth-token' => '/home/olin/.cache/typescript/4.2/node_modules/@types/registry-auth-token/index.d.ts'
[10:40:36.038] Adding entry into typings cache: 'request' => '/home/olin/.cache/typescript/4.2/node_modules/@types/request/index.d.ts'
[10:40:36.038] Adding entry into typings cache: 'request-promise' => '/home/olin/.cache/typescript/4.2/node_modules/@types/request-promise/index.d.ts'
[10:40:36.040] Adding entry into typings cache: 'require-directory' => '/home/olin/.cache/typescript/4.2/node_modules/@types/require-directory/index.d.ts'
[10:40:36.040] Adding entry into typings cache: 'require-from-string' => '/home/olin/.cache/typescript/4.2/node_modules/@types/require-from-string/index.d.ts'
[10:40:36.041] Adding entry into typings cache: 'require-relative' => '/home/olin/.cache/typescript/4.2/node_modules/@types/require-relative/index.d.ts'
[10:40:36.041] Adding entry into typings cache: 'resolve' => '/home/olin/.cache/typescript/4.2/node_modules/@types/resolve/index.d.ts'
[10:40:36.042] Adding entry into typings cache: 'rimraf' => '/home/olin/.cache/typescript/4.2/node_modules/@types/rimraf/index.d.ts'
[10:40:36.042] Adding entry into typings cache: 'rollup-plugin-css-only' => '/home/olin/.cache/typescript/4.2/node_modules/@types/rollup-plugin-css-only/index.d.ts'
[10:40:36.043] Adding entry into typings cache: 'run-parallel' => '/home/olin/.cache/typescript/4.2/node_modules/@types/run-parallel/index.d.ts'
[10:40:36.043] Adding entry into typings cache: 'sade' => '/home/olin/.cache/typescript/4.2/node_modules/@types/sade/index.d.ts'
[10:40:36.043] Adding entry into typings cache: 'safer-buffer' => '/home/olin/.cache/typescript/4.2/node_modules/@types/safer-buffer/index.d.ts'
[10:40:36.044] Adding entry into typings cache: 'sax' => '/home/olin/.cache/typescript/4.2/node_modules/@types/sax/index.d.ts'
[10:40:36.044] Adding entry into typings cache: 'semver' => '/home/olin/.cache/typescript/4.2/node_modules/@types/semver/index.d.ts'
[10:40:36.045] Adding entry into typings cache: 'semver-utils' => '/home/olin/.cache/typescript/4.2/node_modules/@types/semver-utils/index.d.ts'
[10:40:36.046] Adding entry into typings cache: 'send' => '/home/olin/.cache/typescript/4.2/node_modules/@types/send/index.d.ts'
[10:40:36.046] Adding entry into typings cache: 'serialize-javascript' => '/home/olin/.cache/typescript/4.2/node_modules/@types/serialize-javascript/index.d.ts'
[10:40:36.047] Adding entry into typings cache: 'serve-static' => '/home/olin/.cache/typescript/4.2/node_modules/@types/serve-static/index.d.ts'
[10:40:36.047] Adding entry into typings cache: 'shebang-command' => '/home/olin/.cache/typescript/4.2/node_modules/@types/shebang-command/index.d.ts'
[10:40:36.047] Adding entry into typings cache: 'signal-exit' => '/home/olin/.cache/typescript/4.2/node_modules/@types/signal-exit/index.d.ts'
[10:40:36.048] Adding entry into typings cache: 'source-map-support' => '/home/olin/.cache/typescript/4.2/node_modules/@types/source-map-support/index.d.ts'
[10:40:36.048] Adding entry into typings cache: 'sprintf' => '/home/olin/.cache/typescript/4.2/node_modules/@types/sprintf/index.d.ts'
[10:40:36.049] Adding entry into typings cache: 'sprintf-js' => '/home/olin/.cache/typescript/4.2/node_modules/@types/sprintf-js/index.d.ts'
[10:40:36.049] Adding entry into typings cache: 'sshpk' => '/home/olin/.cache/typescript/4.2/node_modules/@types/sshpk/index.d.ts'
[10:40:36.049] Adding entry into typings cache: 'statuses' => '/home/olin/.cache/typescript/4.2/node_modules/@types/statuses/index.d.ts'
[10:40:36.050] Adding entry into typings cache: 'supports-color' => '/home/olin/.cache/typescript/4.2/node_modules/@types/supports-color/index.d.ts'
[10:40:36.051] Adding entry into typings cache: 'tail' => '/home/olin/.cache/typescript/4.2/node_modules/@types/tail/index.d.ts'
[10:40:36.051] Adding entry into typings cache: 'tailwindcss' => '/home/olin/.cache/typescript/4.2/node_modules/@types/tailwindcss/index.d.ts'
[10:40:36.052] Adding entry into typings cache: 'through' => '/home/olin/.cache/typescript/4.2/node_modules/@types/through/index.d.ts'
[10:40:36.052] Adding entry into typings cache: 'tmp' => '/home/olin/.cache/typescript/4.2/node_modules/@types/tmp/index.d.ts'
[10:40:36.053] Adding entry into typings cache: 'to-regex-range' => '/home/olin/.cache/typescript/4.2/node_modules/@types/to-regex-range/index.d.ts'
[10:40:36.054] Adding entry into typings cache: 'tough-cookie' => '/home/olin/.cache/typescript/4.2/node_modules/@types/tough-cookie/index.d.ts'
[10:40:36.054] Adding entry into typings cache: 'type-is' => '/home/olin/.cache/typescript/4.2/node_modules/@types/type-is/index.d.ts'
[10:40:36.055] Adding entry into typings cache: 'underscore' => '/home/olin/.cache/typescript/4.2/node_modules/@types/underscore/index.d.ts'
[10:40:36.055] Adding entry into typings cache: 'universalify' => '/home/olin/.cache/typescript/4.2/node_modules/@types/universalify/index.d.ts'
[10:40:36.056] Adding entry into typings cache: 'update-notifier' => '/home/olin/.cache/typescript/4.2/node_modules/@types/update-notifier/index.d.ts'
[10:40:36.056] Adding entry into typings cache: 'url-parse-lax' => '/home/olin/.cache/typescript/4.2/node_modules/@types/url-parse-lax/index.d.ts'
[10:40:36.056] Adding entry into typings cache: 'util-deprecate' => '/home/olin/.cache/typescript/4.2/node_modules/@types/util-deprecate/index.d.ts'
[10:40:36.057] Adding entry into typings cache: 'utils-merge' => '/home/olin/.cache/typescript/4.2/node_modules/@types/utils-merge/index.d.ts'
[10:40:36.058] Adding entry into typings cache: 'uuid' => '/home/olin/.cache/typescript/4.2/node_modules/@types/uuid/index.d.ts'
[10:40:36.058] Adding entry into typings cache: 'vary' => '/home/olin/.cache/typescript/4.2/node_modules/@types/vary/index.d.ts'
[10:40:36.059] Adding entry into typings cache: 'verror' => '/home/olin/.cache/typescript/4.2/node_modules/@types/verror/index.d.ts'
[10:40:36.059] Adding entry into typings cache: 'which' => '/home/olin/.cache/typescript/4.2/node_modules/@types/which/index.d.ts'
[10:40:36.060] Adding entry into typings cache: 'wrap-ansi' => '/home/olin/.cache/typescript/4.2/node_modules/@types/wrap-ansi/index.d.ts'
[10:40:36.060] Adding entry into typings cache: 'write-file-atomic' => '/home/olin/.cache/typescript/4.2/node_modules/@types/write-file-atomic/index.d.ts'
[10:40:36.061] Adding entry into typings cache: 'ws' => '/home/olin/.cache/typescript/4.2/node_modules/@types/ws/index.d.ts'
[10:40:36.061] Adding entry into typings cache: 'xmldoc' => '/home/olin/.cache/typescript/4.2/node_modules/@types/xmldoc/index.d.ts'
[10:40:36.061] Adding entry into typings cache: 'xtend' => '/home/olin/.cache/typescript/4.2/node_modules/@types/xtend/index.d.ts'
[10:40:36.062] Adding entry into typings cache: 'yallist' => '/home/olin/.cache/typescript/4.2/node_modules/@types/yallist/index.d.ts'
[10:40:36.063] Adding entry into typings cache: 'yargs' => '/home/olin/.cache/typescript/4.2/node_modules/@types/yargs/index.d.ts'
[10:40:36.063] Adding entry into typings cache: 'yargs-parser' => '/home/olin/.cache/typescript/4.2/node_modules/@types/yargs-parser/index.d.ts'
[10:40:36.063] Finished processing cache location '/home/olin/.cache/typescript/4.2'
[10:40:36.063] Process id: 3027266
[10:40:36.063] NPM location: /home/olin/.nvm/versions/node/v15.8.0/bin/npm (explicit '--npmLocation' not  provided)
[10:40:36.064] validateDefaultNpmLocation: false
[10:40:36.064] Npm config file: /home/olin/.cache/typescript/4.2/package.json
[10:40:36.064] Updating types-registry npm package...
[10:40:36.064] Exec: /home/olin/.nvm/versions/node/v15.8.0/bin/npm install --ignore-scripts types-registry@latest
[10:40:36.994]     Succeeded. stdout:
    
    changed 1 package, and audited 245 packages in 823ms

6 packages are looking for funding
  run `npm fund` for details

1 moderate severity vulnerability

To address all issues, run:
  npm audit fix

Run `npm audit` for details.

[10:40:36.994] Updated types-registry npm package
[10:40:37.291] Got install request {"projectName":"/dev/null/inferredProject1*","fileNames":["/home/olin/.nvm/versions/node/v15.8.0/lib/node_modules/typescript/lib/lib.es5.d.ts","/home/olin/.nvm/versions/node/v15.8.0/lib/node_modules/typescript/lib/lib.es2015.d.ts","/home/olin/.nvm/versions/node/v15.8.0/lib/node_modules/typescript/lib/lib.es2016.d.ts","/home/olin/.nvm/versions/node/v15.8.0/lib/node_modules/typescript/lib/lib.dom.d.ts","/home/olin/.nvm/versions/node/v15.8.0/lib/node_modules/typescript/lib/lib.dom.iterable.d.ts","/home/olin/.nvm/versions/node/v15.8.0/lib/node_modules/typescript/lib/lib.webworker.importscripts.d.ts","/home/olin/.nvm/versions/node/v15.8.0/lib/node_modules/typescript/lib/lib.scripthost.d.ts","/home/olin/.nvm/versions/node/v15.8.0/lib/node_modules/typescript/lib/lib.es2015.core.d.ts","/home/olin/.nvm/versions/node/v15.8.0/lib/node_modules/typescript/lib/lib.es2015.collection.d.ts","/home/olin/.nvm/versions/node/v15.8.0/lib/node_modules/typescript/lib/lib.es2015.generator.d.ts","/home/olin/.nvm/versions/node/v15.8.0/lib/node_modules/typescript/lib/lib.es2015.iterable.d.ts","/home/olin/.nvm/versions/node/v15.8.0/lib/node_modules/typescript/lib/lib.es2015.promise.d.ts","/home/olin/.nvm/versions/node/v15.8.0/lib/node_modules/typescript/lib/lib.es2015.proxy.d.ts","/home/olin/.nvm/versions/node/v15.8.0/lib/node_modules/typescript/lib/lib.es2015.reflect.d.ts","/home/olin/.nvm/versions/node/v15.8.0/lib/node_modules/typescript/lib/lib.es2015.symbol.d.ts","/home/olin/.nvm/versions/node/v15.8.0/lib/node_modules/typescript/lib/lib.es2015.symbol.wellknown.d.ts","/home/olin/.nvm/versions/node/v15.8.0/lib/node_modules/typescript/lib/lib.es2016.array.include.d.ts","/home/olin/.nvm/versions/node/v15.8.0/lib/node_modules/typescript/lib/lib.es2016.full.d.ts","/home/olin/code/ordle/src/shared/api.js"],"compilerOptions":{"module":1,"target":3,"jsx":1,"allowJs":true,"allowSyntheticDefaultImports":true,"allowNonTsExtensions":true,"noEmitForJsFiles":true,"maxNodeModuleJsDepth":2},"typeAcquisition":{"enable":true,"include":[],"exclude":[]},"unresolvedImports":[],"projectRootPath":"/home/olin/code/ordle/src/shared","kind":"discover"}
[10:40:37.298] Loaded safelist from types map file '/home/olin/.nvm/versions/node/v15.8.0/lib/node_modules/typescript/lib/typesMap.json'
[10:40:37.298] Explicitly included types: []
[10:40:37.299] Inferred typings from unresolved imports: []
[10:40:37.299] Result: {"cachedTypingPaths":[],"newTypingNames":[],"filesToWatch":["/home/olin/code/ordle/src/shared/bower_components","/home/olin/code/ordle/src/shared/node_modules"]}
[10:40:37.299] Finished typings discovery: {"cachedTypingPaths":[],"newTypingNames":[],"filesToWatch":["/home/olin/code/ordle/src/shared/bower_components","/home/olin/code/ordle/src/shared/node_modules"]}
[10:40:37.299] DirectoryWatcher:: Added:: WatchInfo: /home/olin/code/ordle/src/shared/bower_components
[10:40:37.300] DirectoryWatcher:: Added:: WatchInfo: /home/olin/code/ordle/src/shared/bower_components 1 undefined Project: /dev/null/inferredProject1* watcher already invoked: false
[10:40:37.301] Elapsed:: 1.3198468685150146ms DirectoryWatcher:: Added:: WatchInfo: /home/olin/code/ordle/src/shared/bower_components 1 undefined Project: /dev/null/inferredProject1* watcher already invoked: false
[10:40:37.301] DirectoryWatcher:: Added:: WatchInfo: /home/olin/code/ordle/src/shared/node_modules
[10:40:37.301] DirectoryWatcher:: Added:: WatchInfo: /home/olin/code/ordle/src/shared/node_modules 1 undefined Project: /dev/null/inferredProject1* watcher already invoked: false
[10:40:37.301] Elapsed:: 0.07840299606323242ms DirectoryWatcher:: Added:: WatchInfo: /home/olin/code/ordle/src/shared/node_modules 1 undefined Project: /dev/null/inferredProject1* watcher already invoked: false
[10:40:37.301] Sending response:
    {"projectName":"/dev/null/inferredProject1*","typeAcquisition":{"enable":true,"include":[],"exclude":[]},"compilerOptions":{"module":1,"target":3,"jsx":1,"allowJs":true,"allowSyntheticDefaultImports":true,"allowNonTsExtensions":true,"noEmitForJsFiles":true,"maxNodeModuleJsDepth":2},"typings":[],"unresolvedImports":[],"kind":"action::set"}
[10:40:37.302] Response has been sent.
[10:40:37.302] No new typings were requested as a result of typings discovery
[10:48:47.274] Got install request {"projectName":"/dev/null/inferredProject1*","fileNames":["/home/olin/.nvm/versions/node/v15.8.0/lib/node_modules/typescript/lib/lib.es5.d.ts","/home/olin/.nvm/versions/node/v15.8.0/lib/node_modules/typescript/lib/lib.es2015.d.ts","/home/olin/.nvm/versions/node/v15.8.0/lib/node_modules/typescript/lib/lib.es2016.d.ts","/home/olin/.nvm/versions/node/v15.8.0/lib/node_modules/typescript/lib/lib.dom.d.ts","/home/olin/.nvm/versions/node/v15.8.0/lib/node_modules/typescript/lib/lib.dom.iterable.d.ts","/home/olin/.nvm/versions/node/v15.8.0/lib/node_modules/typescript/lib/lib.webworker.importscripts.d.ts","/home/olin/.nvm/versions/node/v15.8.0/lib/node_modules/typescript/lib/lib.scripthost.d.ts","/home/olin/.nvm/versions/node/v15.8.0/lib/node_modules/typescript/lib/lib.es2015.core.d.ts","/home/olin/.nvm/versions/node/v15.8.0/lib/node_modules/typescript/lib/lib.es2015.collection.d.ts","/home/olin/.nvm/versions/node/v15.8.0/lib/node_modules/typescript/lib/lib.es2015.generator.d.ts","/home/olin/.nvm/versions/node/v15.8.0/lib/node_modules/typescript/lib/lib.es2015.iterable.d.ts","/home/olin/.nvm/versions/node/v15.8.0/lib/node_modules/typescript/lib/lib.es2015.promise.d.ts","/home/olin/.nvm/versions/node/v15.8.0/lib/node_modules/typescript/lib/lib.es2015.proxy.d.ts","/home/olin/.nvm/versions/node/v15.8.0/lib/node_modules/typescript/lib/lib.es2015.reflect.d.ts","/home/olin/.nvm/versions/node/v15.8.0/lib/node_modules/typescript/lib/lib.es2015.symbol.d.ts","/home/olin/.nvm/versions/node/v15.8.0/lib/node_modules/typescript/lib/lib.es2015.symbol.wellknown.d.ts","/home/olin/.nvm/versions/node/v15.8.0/lib/node_modules/typescript/lib/lib.es2016.array.include.d.ts","/home/olin/.nvm/versions/node/v15.8.0/lib/node_modules/typescript/lib/lib.es2016.full.d.ts","/home/olin/code/ordle/src/shared/api.js"],"compilerOptions":{"module":1,"target":3,"jsx":1,"allowJs":true,"allowSyntheticDefaultImports":true,"allowNonTsExtensions":true,"noEmitForJsFiles":true,"maxNodeModuleJsDepth":2},"typeAcquisition":{"enable":true,"include":[],"exclude":[]},"unresolvedImports":[],"projectRootPath":"/home/olin/code/ordle/src/shared","kind":"discover"}
[10:48:47.274] Explicitly included types: []
[10:48:47.274] Inferred typings from unresolved imports: []
[10:48:47.275] Result: {"cachedTypingPaths":[],"newTypingNames":[],"filesToWatch":["/home/olin/code/ordle/src/shared/bower_components","/home/olin/code/ordle/src/shared/node_modules"]}
[10:48:47.275] Finished typings discovery: {"cachedTypingPaths":[],"newTypingNames":[],"filesToWatch":["/home/olin/code/ordle/src/shared/bower_components","/home/olin/code/ordle/src/shared/node_modules"]}
[10:48:47.275] Sending response:
    {"projectName":"/dev/null/inferredProject1*","typeAcquisition":{"enable":true,"include":[],"exclude":[]},"compilerOptions":{"module":1,"target":3,"jsx":1,"allowJs":true,"allowSyntheticDefaultImports":true,"allowNonTsExtensions":true,"noEmitForJsFiles":true,"maxNodeModuleJsDepth":2},"typings":[],"unresolvedImports":[],"kind":"action::set"}
[10:48:47.275] Response has been sent.
[10:48:47.275] No new typings were requested as a result of typings discovery
